app/build/intermediates/manifest_merge_blame_file/release/manifest-merger-blame-release-report.txt
1<?xml version="1.0" encoding="utf-8"?>
2<manifest xmlns:android="http://schemas.android.com/apk/res/android"
3    package="habit.habithero"
4    android:versionCode="5"
5    android:versionName="1.0" >
6
7    <uses-sdk
8        android:minSdkVersion="24"
8-->src/main/AndroidManifest.xml
9        android:targetSdkVersion="33" />
9-->src/main/AndroidManifest.xml
10
11    <uses-permission android:name="android.permission.POST_NOTIFICATIONS" />
11-->src/main/AndroidManifest.xml:4:5-77
11-->src/main/AndroidManifest.xml:4:22-74
12    <uses-permission android:name="android.permission.RECEIVE_NOTIFICATIONS" />
12-->src/main/AndroidManifest.xml:5:5-80
12-->src/main/AndroidManifest.xml:5:22-77
13    <uses-permission android:name="android.permission.RECEIVE_BOOT_COMPLETED" />
13-->src/main/AndroidManifest.xml:6:5-81
13-->src/main/AndroidManifest.xml:6:22-78
14
15    <permission
15-->[androidx.core:core:1.9.0] AndroidManifest.xml:22:5-24:47
16        android:name="habit.habithero.DYNAMIC_RECEIVER_NOT_EXPORTED_PERMISSION"
16-->[androidx.core:core:1.9.0] AndroidManifest.xml:23:9-81
17        android:protectionLevel="signature" />
17-->[androidx.core:core:1.9.0] AndroidManifest.xml:24:9-44
18
19    <uses-permission android:name="habit.habithero.DYNAMIC_RECEIVER_NOT_EXPORTED_PERMISSION" />
19-->[androidx.core:core:1.9.0] AndroidManifest.xml:26:5-97
19-->[androidx.core:core:1.9.0] AndroidManifest.xml:26:22-94
20
21    <application
21-->src/main/AndroidManifest.xml:7:5-46:19
22        android:allowBackup="true"
22-->src/main/AndroidManifest.xml:8:9-35
23        android:appComponentFactory="androidx.core.app.CoreComponentFactory"
23-->[androidx.core:core:1.9.0] AndroidManifest.xml:28:18-86
24        android:dataExtractionRules="@xml/data_extraction_rules"
24-->src/main/AndroidManifest.xml:9:9-65
25        android:extractNativeLibs="false"
26        android:fullBackupContent="@xml/backup_rules"
26-->src/main/AndroidManifest.xml:10:9-54
27        android:icon="@drawable/habit_icon"
27-->src/main/AndroidManifest.xml:11:9-44
28        android:label="@string/app_name"
28-->src/main/AndroidManifest.xml:12:9-41
29        android:roundIcon="@drawable/habit_icon"
29-->src/main/AndroidManifest.xml:13:9-49
30        android:supportsRtl="true"
30-->src/main/AndroidManifest.xml:14:9-35
31        android:theme="@style/Theme.HabitHero" >
31-->src/main/AndroidManifest.xml:15:9-47
32        <activity
32-->src/main/AndroidManifest.xml:17:9-19:52
33            android:name="habit.habithero.AddHabitActivity"
33-->src/main/AndroidManifest.xml:18:13-45
34            android:screenOrientation="portrait" />
34-->src/main/AndroidManifest.xml:19:13-49
35        <activity
35-->src/main/AndroidManifest.xml:21:9-23:52
36            android:name="habit.habithero.SeeTasksActivity"
36-->src/main/AndroidManifest.xml:22:13-45
37            android:screenOrientation="portrait" />
37-->src/main/AndroidManifest.xml:23:13-49
38        <activity
38-->src/main/AndroidManifest.xml:25:9-27:52
39            android:name="habit.habithero.ManageHabitsActivity"
39-->src/main/AndroidManifest.xml:26:13-49
40            android:screenOrientation="portrait" />
40-->src/main/AndroidManifest.xml:27:13-49
41
42        <receiver
42-->src/main/AndroidManifest.xml:29:9-31:52
43            android:name="habit.habithero.Utilities.NotificationReceiver"
43-->src/main/AndroidManifest.xml:30:13-74
44            android:screenOrientation="portrait" />
44-->src/main/AndroidManifest.xml:31:13-49
45        <receiver
45-->src/main/AndroidManifest.xml:33:9-34:52
46            android:name="habit.habithero.Utilities.ResetCheckedStatusReceiver"
46-->src/main/AndroidManifest.xml:33:19-86
47            android:screenOrientation="portrait" />
47-->src/main/AndroidManifest.xml:34:13-49
48
49        <activity
49-->src/main/AndroidManifest.xml:36:9-45:20
50            android:name="habit.habithero.MainActivity"
50-->src/main/AndroidManifest.xml:37:13-41
51            android:exported="true"
51-->src/main/AndroidManifest.xml:38:13-36
52            android:screenOrientation="portrait" >
52-->src/main/AndroidManifest.xml:39:13-49
53            <intent-filter>
53-->src/main/AndroidManifest.xml:40:13-44:29
54                <action android:name="android.intent.action.MAIN" />
54-->src/main/AndroidManifest.xml:41:17-69
54-->src/main/AndroidManifest.xml:41:25-66
55
56                <category android:name="android.intent.category.LAUNCHER" />
56-->src/main/AndroidManifest.xml:43:17-77
56-->src/main/AndroidManifest.xml:43:27-74
57            </intent-filter>
58        </activity>
59
60        <provider
60-->[androidx.emoji2:emoji2:1.2.0] AndroidManifest.xml:24:9-32:20
61            android:name="androidx.startup.InitializationProvider"
61-->[androidx.emoji2:emoji2:1.2.0] AndroidManifest.xml:25:13-67
62            android:authorities="habit.habithero.androidx-startup"
62-->[androidx.emoji2:emoji2:1.2.0] AndroidManifest.xml:26:13-68
63            android:exported="false" >
63-->[androidx.emoji2:emoji2:1.2.0] AndroidManifest.xml:27:13-37
64            <meta-data
64-->[androidx.emoji2:emoji2:1.2.0] AndroidManifest.xml:29:13-31:52
65                android:name="androidx.emoji2.text.EmojiCompatInitializer"
65-->[androidx.emoji2:emoji2:1.2.0] AndroidManifest.xml:30:17-75
66                android:value="androidx.startup" />
66-->[androidx.emoji2:emoji2:1.2.0] AndroidManifest.xml:31:17-49
67            <meta-data
67-->[androidx.lifecycle:lifecycle-process:2.4.1] AndroidManifest.xml:31:13-33:52
68                android:name="androidx.lifecycle.ProcessLifecycleInitializer"
68-->[androidx.lifecycle:lifecycle-process:2.4.1] AndroidManifest.xml:32:17-78
69                android:value="androidx.startup" />
69-->[androidx.lifecycle:lifecycle-process:2.4.1] AndroidManifest.xml:33:17-49
70        </provider>
71
72        <service
72-->[androidx.room:room-runtime:2.4.2] AndroidManifest.xml:25:9-28:40
73            android:name="androidx.room.MultiInstanceInvalidationService"
73-->[androidx.room:room-runtime:2.4.2] AndroidManifest.xml:26:13-74
74            android:directBootAware="true"
74-->[androidx.room:room-runtime:2.4.2] AndroidManifest.xml:27:13-43
75            android:exported="false" />
75-->[androidx.room:room-runtime:2.4.2] AndroidManifest.xml:28:13-37
76    </application>
77
78</manifest>